95й перцентиль времени работы: 1685152 

Идентификаторы запросов с самой долгой фазой отправки результатов пользователю: [0]

Запросов с неполным набором ответивших ГР: 1

Обращения и ошибки по бекендам: 
ГР: 0
	 backend0-001.yandex.ru:1848
		 Обращений: 1
ГР: 1
	 backend1-001.yandex.ru:1495
		 Обращений: 2
		 Ошибки: 
			 Тип: Input/output error  Кол-во: 1
ГР: 2
	 backend2-001.yandex.ru:1789
		 Обращений: 1
ГР: 3
	 backend3-002.yandex.ru:1433
		 Обращений: 1
ГР: 4
	 backend4-001.yandex.ru:1002
		 Обращений: 1
		 Ошибки: 
			 Тип: Connection reset by peer  Кол-во: 1
	 backend4-002.yandex.ru:1445
		 Обращений: 1
		 Ошибки: 
			 Тип: Connection reset by peer  Кол-во: 1
			 Тип: ParseFromStream error  Кол-во: 1
